<?xml version="1.0" encoding="UTF-8" ?>
<testsuite errors="0" failures="0" hostname="iMac-de-Amine.local" name="org.apache.ivy.osgi.updatesite.UpdateSiteLoaderTest" skipped="0" tests="3" time="35.365" timestamp="2016-05-07T21:24:30">
  <properties>
[...]
</properties>
  <testcase classname="org.apache.ivy.osgi.updatesite.UpdateSiteLoaderTest" name="testIvyDE" time="13.605" />
  <testcase classname="org.apache.ivy.osgi.updatesite.UpdateSiteLoaderTest" name="testM2Eclipse" time="21.615" />
  <testcase classname="org.apache.ivy.osgi.updatesite.UpdateSiteLoaderTest" name="testComposite" time="0.039" />
  <system-out><![CDATA[EMMA: collecting runtime coverage data ...
Loading the update site http://www.apache.org/dist/ant/ivyde/updatesite/
:: loading settings :: url = file:/Users/aminechagou/Documents/workspace/GoBot/ivy/build/classes/core/org/apache/ivy/core/settings/ivysettings.xml
Loading the update site http://download.eclipse.org/technology/m2e/releases/
Loading the update site file:/Users/aminechagou/Documents/workspace/GoBot/ivy/test/test-p2/composite/
]]></system-out>
  <system-err><![CDATA[]]></system-err>
</testsuite>
