<?xml version="1.0" encoding="UTF-8" ?>
<testsuite errors="0" failures="0" hostname="iMac-de-Amine.local" name="org.apache.ivy.ant.IvyInstallTest" skipped="0" tests="15" time="1.169" timestamp="2016-05-07T21:41:42">
  <properties>
[...]
</properties>
  <testcase classname="org.apache.ivy.ant.IvyInstallTest" name="testInstallWithMultipleType" time="0.447" />
  <testcase classname="org.apache.ivy.ant.IvyInstallTest" name="testInstallWithConfsDefaultSettings" time="0.105" />
  <testcase classname="org.apache.ivy.ant.IvyInstallTest" name="testInstallWithNamespace" time="0.079" />
  <testcase classname="org.apache.ivy.ant.IvyInstallTest" name="testInstallWithNamespace2" time="0.024" />
  <testcase classname="org.apache.ivy.ant.IvyInstallTest" name="testInstallWithNamespace3" time="0.13" />
  <testcase classname="org.apache.ivy.ant.IvyInstallTest" name="testDependencyNotFoundFailure" time="0.013" />
  <testcase classname="org.apache.ivy.ant.IvyInstallTest" name="testDependencyNotFoundSuccess" time="0.008" />
  <testcase classname="org.apache.ivy.ant.IvyInstallTest" name="testInstallWithConfsRuntimeOnly" time="0.041" />
  <testcase classname="org.apache.ivy.ant.IvyInstallTest" name="testInstallWithClassifiers" time="0.031" />
  <testcase classname="org.apache.ivy.ant.IvyInstallTest" name="testInstallWithUnusedType" time="0.017" />
  <testcase classname="org.apache.ivy.ant.IvyInstallTest" name="testInstallWithOriginalMetadata" time="0.029" />
  <testcase classname="org.apache.ivy.ant.IvyInstallTest" name="testInstallWithBranch" time="0.035" />
  <testcase classname="org.apache.ivy.ant.IvyInstallTest" name="testInstallDummyDefault" time="0.046" />
  <testcase classname="org.apache.ivy.ant.IvyInstallTest" name="testInstallWithAnyType" time="0.021" />
  <testcase classname="org.apache.ivy.ant.IvyInstallTest" name="testIVY843" time="0.028" />
  <system-out><![CDATA[EMMA: collecting runtime coverage data ...
     [null] :: Apache Ivy non official version -  :: http://ant.apache.org/ivy/ ::
     [null] :: loading settings :: file = /Users/aminechagou/Documents/workspace/GoBot/ivy/test/repositories/ivysettings-dummydefaultresolver.xml
     [null] :: installing org8#mod8.1;1.1 ::
     [null] :: resolving dependencies ::
     [null] 	found org8#mod8.1;1.1 in 2-ivy
     [null] :: downloading artifacts to cache ::
     [null] downloading /Users/aminechagou/Documents/workspace/GoBot/ivy/test/repositories/2/mod8.1/a-1.1.txt ...
     [null] .. (0kB)
     [null] 	[SUCCESSFUL ] org8#mod8.1;1.1!a.txt (2ms)
     [null] downloading /Users/aminechagou/Documents/workspace/GoBot/ivy/test/repositories/2/mod8.1/a-private-1.1.txt ...
     [null] .. (0kB)
     [null] 	[SUCCESSFUL ] org8#mod8.1;1.1!a-private.txt (2ms)
     [null] :: installing in install ::
     [null] 	published a to /Users/aminechagou/Documents/workspace/GoBot/ivy/build/test/install/org8/mod8.1/a-1.1.txt
     [null] 	published a-private to /Users/aminechagou/Documents/workspace/GoBot/ivy/build/test/install/org8/mod8.1/a-private-1.1.txt
     [null] 	published ivy to /Users/aminechagou/Documents/workspace/GoBot/ivy/build/test/install/org8/mod8.1/ivy-1.1.xml
     [null] :: install resolution report ::
     [null] :: resolution report :: resolve 0ms :: artifacts dl 5ms
	---------------------------------------------------------------------
	|                  |            modules            ||   artifacts   |
	|       conf       | number| search|dwnlded|evicted|| number|dwnlded|
	---------------------------------------------------------------------
	|      default     |   1   |   1   |   1   |   0   ||   2   |   2   |
	---------------------------------------------------------------------
     [null] :: loading settings :: file = /Users/aminechagou/Documents/workspace/GoBot/ivy/test/repositories/IVY-1313/ivysettings.xml
     [null] :: installing org1#mod1;1.0 ::
     [null] :: resolving dependencies ::
     [null] 	found org1#mod1;1.0 in default
     [null] 	found org1#mod2;1.0 in default
     [null] 	found org1#mod3;1.0 in default
     [null] :: downloading artifacts to cache ::
     [null] downloading /Users/aminechagou/Documents/workspace/GoBot/ivy/test/repositories/IVY-1313/repo/org1/mod1/sources/mod1-1.0.jar ...
     [null] .. (0kB)
     [null] 	[SUCCESSFUL ] org1#mod1;1.0!mod1.jar(source) (1ms)
     [null] downloading /Users/aminechagou/Documents/workspace/GoBot/ivy/test/repositories/IVY-1313/repo/org1/mod1/jars/mod1-1.0.jar ...
     [null] .. (0kB)
     [null] 	[SUCCESSFUL ] org1#mod1;1.0!mod1.jar (2ms)
     [null] downloading /Users/aminechagou/Documents/workspace/GoBot/ivy/test/repositories/IVY-1313/repo/org1/mod2/jars/mod2-1.0.jar ...
     [null] .. (0kB)
     [null] 	[SUCCESSFUL ] org1#mod2;1.0!mod2.jar (1ms)
     [null] downloading /Users/aminechagou/Documents/workspace/GoBot/ivy/test/repositories/IVY-1313/repo/org1/mod3/jars/mod3-1.0.jar ...
     [null] .. (0kB)
     [null] 	[SUCCESSFUL ] org1#mod3;1.0!mod3.jar (1ms)
     [null] :: installing in install ::
     [null] 	published mod1 to /Users/aminechagou/Documents/workspace/GoBot/ivy/build/test/install/org1/mod1/sources/mod1-1.0.jar
     [null] 	published mod1 to /Users/aminechagou/Documents/workspace/GoBot/ivy/build/test/install/org1/mod1/jars/mod1-1.0.jar
     [null] 	published ivy to /Users/aminechagou/Documents/workspace/GoBot/ivy/build/test/install/org1/mod1/ivys/ivy-1.0.xml
     [null] 	published mod2 to /Users/aminechagou/Documents/workspace/GoBot/ivy/build/test/install/org1/mod2/jars/mod2-1.0.jar
     [null] 	published ivy to /Users/aminechagou/Documents/workspace/GoBot/ivy/build/test/install/org1/mod2/ivys/ivy-1.0.xml
     [null] 	published mod3 to /Users/aminechagou/Documents/workspace/GoBot/ivy/build/test/install/org1/mod3/jars/mod3-1.0.jar
     [null] 	published ivy to /Users/aminechagou/Documents/workspace/GoBot/ivy/build/test/install/org1/mod3/ivys/ivy-1.0.xml
     [null] :: install resolution report ::
     [null] :: resolution report :: resolve 0ms :: artifacts dl 9ms
	---------------------------------------------------------------------
	|                  |            modules            ||   artifacts   |
	|       conf       | number| search|dwnlded|evicted|| number|dwnlded|
	---------------------------------------------------------------------
	|      default     |   3   |   3   |   3   |   0   ||   4   |   4   |
	---------------------------------------------------------------------
     [null] :: loading settings :: file = /Users/aminechagou/Documents/workspace/GoBot/ivy/test/repositories/namespace/ivysettings.xml
     [null] DEPRECATED: 'defaultCache' is deprecated, use 'caches[@defaultCacheDir]' instead (file:/Users/aminechagou/Documents/workspace/GoBot/ivy/test/repositories/namespace/ivysettings.xml)
     [null] :: installing systemorg#systemmod2;1.0 ::
     [null] :: resolving dependencies ::
     [null] 	found systemorg#systemmod2;1.0 in ns
     [null] 	found systemorg#systemmod;1.0 in ns
     [null] :: downloading artifacts to cache ::
     [null] downloading /Users/aminechagou/Documents/workspace/GoBot/ivy/test/repositories/namespace/A/B/1.0/B.jar ...
     [null] .. (0kB)
     [null] 	[SUCCESSFUL ] systemorg#systemmod2;1.0!B.jar (1ms)
     [null] downloading /Users/aminechagou/Documents/workspace/GoBot/ivy/test/repositories/namespace/A/A/1.0/A.jar ...
     [null] .. (0kB)
     [null] 	[SUCCESSFUL ] systemorg#systemmod;1.0!A.jar (2ms)
     [null] :: installing in install ::
     [null] 	published B to /Users/aminechagou/Documents/workspace/GoBot/ivy/build/test/install/systemorg/systemmod2/B-1.0.jar
     [null] 	published ivy to /Users/aminechagou/Documents/workspace/GoBot/ivy/build/test/install/systemorg/systemmod2/ivy-1.0.xml
     [null] 	published A to /Users/aminechagou/Documents/workspace/GoBot/ivy/build/test/install/systemorg/systemmod/A-1.0.jar
     [null] 	published ivy to /Users/aminechagou/Documents/workspace/GoBot/ivy/build/test/install/systemorg/systemmod/ivy-1.0.xml
     [null] :: install resolution report ::
     [null] :: resolution report :: resolve 0ms :: artifacts dl 5ms
	---------------------------------------------------------------------
	|                  |            modules            ||   artifacts   |
	|       conf       | number| search|dwnlded|evicted|| number|dwnlded|
	---------------------------------------------------------------------
	|      default     |   2   |   2   |   2   |   0   ||   2   |   2   |
	---------------------------------------------------------------------
     [null] :: loading settings :: file = /Users/aminechagou/Documents/workspace/GoBot/ivy/test/repositories/namespace/ivysettings.xml
     [null] DEPRECATED: 'defaultCache' is deprecated, use 'caches[@defaultCacheDir]' instead (file:/Users/aminechagou/Documents/workspace/GoBot/ivy/test/repositories/namespace/ivysettings.xml)
     [null] :: installing A#B;1.0 ::
     [null] :: resolving dependencies ::
     [null] :: downloading artifacts to cache ::
     [null] :: installing in install ::
     [null] :: install resolution report ::
     [null] :: resolution report :: resolve 0ms :: artifacts dl 0ms
	---------------------------------------------------------------------
	|                  |            modules            ||   artifacts   |
	|       conf       | number| search|dwnlded|evicted|| number|dwnlded|
	---------------------------------------------------------------------
	|      default     |   1   |   0   |   0   |   0   ||   0   |   0   |
	---------------------------------------------------------------------
     [null] 
     [null] :: problems summary ::
     [null] :::: WARNINGS
     [null] 		::::::::::::::::::::::::::::::::::::::::::::::
     [null] 		::          UNRESOLVED DEPENDENCIES         ::
     [null] 		::::::::::::::::::::::::::::::::::::::::::::::
     [null] 		:: A#B;1.0: java.text.ParseException: inconsistent module descriptor file found in '/Users/aminechagou/Documents/workspace/GoBot/ivy/test/repositories/namespace/A/B/1.0/ivy.xml': bad organisation: expected='A' found='systemorg'; bad module name: expected='B' found='systemmod2'; 
     [null] 		::::::::::::::::::::::::::::::::::::::::::::::
     [null] :::: ERRORS
     [null] 		ns: bad organisation found in /Users/aminechagou/Documents/workspace/GoBot/ivy/test/repositories/namespace/A/B/1.0/ivy.xml: expected='A' found='systemorg'
     [null] 		ns: bad module name found in /Users/aminechagou/Documents/workspace/GoBot/ivy/test/repositories/namespace/A/B/1.0/ivy.xml: expected='B found='systemmod2'
     [null] 
     [null] :: USE VERBOSE OR DEBUG MESSAGE LEVEL FOR MORE DETAILS
     [null] :: loading settings :: file = /Users/aminechagou/Documents/workspace/GoBot/ivy/test/repositories/namespace/ivysettings.xml
     [null] DEPRECATED: 'defaultCache' is deprecated, use 'caches[@defaultCacheDir]' instead (file:/Users/aminechagou/Documents/workspace/GoBot/ivy/test/repositories/namespace/ivysettings.xml)
     [null] :: installing *#*;* ::
     [null] 	found systemorg#systemmod;1.0 to install: adding to the list
     [null] 	found systemorg#systemmod2;1.0 to install: adding to the list
     [null] 	found systemorg3#systemmod3;1.0 to install: adding to the list
     [null] 	found systemorg2#system-1;1.0 to install: adding to the list
     [null] 	found systemorg2#system-2;1.0 to install: adding to the list
     [null] :: resolving dependencies ::
     [null] 	found systemorg#systemmod;1.0 in ns
     [null] 	found systemorg#systemmod2;1.0 in ns
     [null] 	found systemorg3#systemmod3;1.0 in ns
     [null] 	found systemorg2#system-1;1.0 in ns
     [null] 	found systemorg2#system-2;1.0 in ns
     [null] :: downloading artifacts to cache ::
     [null] downloading /Users/aminechagou/Documents/workspace/GoBot/ivy/test/repositories/namespace/A/A/1.0/A.jar ...
     [null] .. (0kB)
     [null] 	[SUCCESSFUL ] systemorg#systemmod;1.0!A.jar (1ms)
     [null] downloading /Users/aminechagou/Documents/workspace/GoBot/ivy/test/repositories/namespace/A/B/1.0/B.jar ...
     [null] .. (0kB)
     [null] 	[SUCCESSFUL ] systemorg#systemmod2;1.0!B.jar (1ms)
     [null] downloading /Users/aminechagou/Documents/workspace/GoBot/ivy/test/repositories/namespace/B/1/1.0/1.jar ...
     [null] .. (0kB)
     [null] 	[SUCCESSFUL ] systemorg2#system-1;1.0!1.jar (2ms)
     [null] downloading /Users/aminechagou/Documents/workspace/GoBot/ivy/test/repositories/namespace/B/2/1.0/2.jar ...
     [null] .. (0kB)
     [null] 	[SUCCESSFUL ] systemorg2#system-2;1.0!2.jar (1ms)
     [null] :: installing in install ::
     [null] 	published A to /Users/aminechagou/Documents/workspace/GoBot/ivy/build/test/install/systemorg/systemmod/A-1.0.jar
     [null] 	published ivy to /Users/aminechagou/Documents/workspace/GoBot/ivy/build/test/install/systemorg/systemmod/ivy-1.0.xml
     [null] 	published B to /Users/aminechagou/Documents/workspace/GoBot/ivy/build/test/install/systemorg/systemmod2/B-1.0.jar
     [null] 	published ivy to /Users/aminechagou/Documents/workspace/GoBot/ivy/build/test/install/systemorg/systemmod2/ivy-1.0.xml
     [null] 	published ivy to /Users/aminechagou/Documents/workspace/GoBot/ivy/build/test/install/systemorg3/systemmod3/ivy-1.0.xml
     [null] 	published 1 to /Users/aminechagou/Documents/workspace/GoBot/ivy/build/test/install/systemorg2/system-1/1-1.0.jar
     [null] 	published ivy to /Users/aminechagou/Documents/workspace/GoBot/ivy/build/test/install/systemorg2/system-1/ivy-1.0.xml
     [null] 	published 2 to /Users/aminechagou/Documents/workspace/GoBot/ivy/build/test/install/systemorg2/system-2/2-1.0.jar
     [null] 	published ivy to /Users/aminechagou/Documents/workspace/GoBot/ivy/build/test/install/systemorg2/system-2/ivy-1.0.xml
     [null] :: install resolution report ::
     [null] :: resolution report :: resolve 0ms :: artifacts dl 6ms
	---------------------------------------------------------------------
	|                  |            modules            ||   artifacts   |
	|       conf       | number| search|dwnlded|evicted|| number|dwnlded|
	---------------------------------------------------------------------
	|      default     |   5   |   5   |   5   |   0   ||   4   |   4   |
	---------------------------------------------------------------------
     [null] :: loading settings :: file = /Users/aminechagou/Documents/workspace/GoBot/ivy/test/repositories/ivysettings.xml
     [null] :: installing xxx#yyy;zzz ::
     [null] :: resolving dependencies ::
     [null] :: downloading artifacts to cache ::
     [null] :: installing in install ::
     [null] :: install resolution report ::
     [null] :: resolution report :: resolve 0ms :: artifacts dl 0ms
	---------------------------------------------------------------------
	|                  |            modules            ||   artifacts   |
	|       conf       | number| search|dwnlded|evicted|| number|dwnlded|
	---------------------------------------------------------------------
	|      default     |   1   |   0   |   0   |   0   ||   0   |   0   |
	---------------------------------------------------------------------
     [null] 
     [null] :: problems summary ::
     [null] :::: WARNINGS
     [null] 		module not found: xxx#yyy;zzz
     [null] 	==== 1: tried
     [null] 	  /Users/aminechagou/Documents/workspace/GoBot/ivy/test/repositories/1/xxx/yyy/ivys/ivy-zzz.xml
     [null] 	  -- artifact xxx#yyy;zzz!yyy.jar:
     [null] 	  /Users/aminechagou/Documents/workspace/GoBot/ivy/test/repositories/1/xxx/yyy/jars/yyy-zzz.jar
     [null] 	==== 2-ivy: tried
     [null] 	  /Users/aminechagou/Documents/workspace/GoBot/ivy/test/repositories/2/yyy/ivy-zzz.xml
     [null] 	==== 2-artifact: tried
     [null] 	  -- artifact xxx#yyy;zzz!yyy.jar:
     [null] 	  /Users/aminechagou/Documents/workspace/GoBot/ivy/test/repositories/2/yyy/yyy-zzz.jar
     [null] 	  /Users/aminechagou/Documents/workspace/GoBot/ivy/test/repositories/2/yyy/yyy.jar
     [null] 	==== m2: tried
     [null] 	  file:/Users/aminechagou/Documents/workspace/GoBot/ivy/test/repositories/m2/xxx/yyy/zzz/yyy-zzz.pom
     [null] 	  -- artifact xxx#yyy;zzz!yyy.jar:
     [null] 	  file:/Users/aminechagou/Documents/workspace/GoBot/ivy/test/repositories/m2/xxx/yyy/zzz/yyy-zzz.jar
     [null] 		::::::::::::::::::::::::::::::::::::::::::::::
     [null] 		::          UNRESOLVED DEPENDENCIES         ::
     [null] 		::::::::::::::::::::::::::::::::::::::::::::::
     [null] 		:: xxx#yyy;zzz: not found
     [null] 		::::::::::::::::::::::::::::::::::::::::::::::
     [null] 
     [null] :: USE VERBOSE OR DEBUG MESSAGE LEVEL FOR MORE DETAILS
     [null] :: loading settings :: file = /Users/aminechagou/Documents/workspace/GoBot/ivy/test/repositories/ivysettings.xml
     [null] :: installing xxx#yyy;zzz ::
     [null] :: resolving dependencies ::
     [null] :: downloading artifacts to cache ::
     [null] :: installing in 1 ::
     [null] :: install resolution report ::
     [null] :: resolution report :: resolve 0ms :: artifacts dl 0ms
	---------------------------------------------------------------------
	|                  |            modules            ||   artifacts   |
	|       conf       | number| search|dwnlded|evicted|| number|dwnlded|
	---------------------------------------------------------------------
	|      default     |   1   |   0   |   0   |   0   ||   0   |   0   |
	---------------------------------------------------------------------
     [null] 
     [null] :: problems summary ::
     [null] :::: WARNINGS
     [null] 		module not found: xxx#yyy;zzz
     [null] 	==== 1: tried
     [null] 	  /Users/aminechagou/Documents/workspace/GoBot/ivy/test/repositories/1/xxx/yyy/ivys/ivy-zzz.xml
     [null] 	  -- artifact xxx#yyy;zzz!yyy.jar:
     [null] 	  /Users/aminechagou/Documents/workspace/GoBot/ivy/test/repositories/1/xxx/yyy/jars/yyy-zzz.jar
     [null] 	==== 2-ivy: tried
     [null] 	  /Users/aminechagou/Documents/workspace/GoBot/ivy/test/repositories/2/yyy/ivy-zzz.xml
     [null] 	==== 2-artifact: tried
     [null] 	  -- artifact xxx#yyy;zzz!yyy.jar:
     [null] 	  /Users/aminechagou/Documents/workspace/GoBot/ivy/test/repositories/2/yyy/yyy-zzz.jar
     [null] 	  /Users/aminechagou/Documents/workspace/GoBot/ivy/test/repositories/2/yyy/yyy.jar
     [null] 	==== m2: tried
     [null] 	  file:/Users/aminechagou/Documents/workspace/GoBot/ivy/test/repositories/m2/xxx/yyy/zzz/yyy-zzz.pom
     [null] 	  -- artifact xxx#yyy;zzz!yyy.jar:
     [null] 	  file:/Users/aminechagou/Documents/workspace/GoBot/ivy/test/repositories/m2/xxx/yyy/zzz/yyy-zzz.jar
     [null] 		::::::::::::::::::::::::::::::::::::::::::::::
     [null] 		::          UNRESOLVED DEPENDENCIES         ::
     [null] 		::::::::::::::::::::::::::::::::::::::::::::::
     [null] 		:: xxx#yyy;zzz: not found
     [null] 		::::::::::::::::::::::::::::::::::::::::::::::
     [null] 
     [null] :: USE VERBOSE OR DEBUG MESSAGE LEVEL FOR MORE DETAILS
     [null] :: loading settings :: file = /Users/aminechagou/Documents/workspace/GoBot/ivy/test/repositories/IVY-1313/ivysettings.xml
     [null] :: installing org1#mod1;1.0 ::
     [null] :: resolving dependencies ::
     [null] 	found org1#mod1;1.0 in default
     [null] 	found org1#mod2;1.0 in default
     [null] :: downloading artifacts to cache ::
     [null] downloading /Users/aminechagou/Documents/workspace/GoBot/ivy/test/repositories/IVY-1313/repo/org1/mod1/jars/mod1-1.0.jar ...
     [null] .. (0kB)
     [null] 	[SUCCESSFUL ] org1#mod1;1.0!mod1.jar (1ms)
     [null] downloading /Users/aminechagou/Documents/workspace/GoBot/ivy/test/repositories/IVY-1313/repo/org1/mod2/jars/mod2-1.0.jar ...
     [null] .. (0kB)
     [null] 	[SUCCESSFUL ] org1#mod2;1.0!mod2.jar (1ms)
     [null] :: installing in install ::
     [null] 	published mod1 to /Users/aminechagou/Documents/workspace/GoBot/ivy/build/test/install/org1/mod1/jars/mod1-1.0.jar
     [null] 	published ivy to /Users/aminechagou/Documents/workspace/GoBot/ivy/build/test/install/org1/mod1/ivys/ivy-1.0.xml
     [null] 	published mod2 to /Users/aminechagou/Documents/workspace/GoBot/ivy/build/test/install/org1/mod2/jars/mod2-1.0.jar
     [null] 	published ivy to /Users/aminechagou/Documents/workspace/GoBot/ivy/build/test/install/org1/mod2/ivys/ivy-1.0.xml
     [null] :: install resolution report ::
     [null] :: resolution report :: resolve 0ms :: artifacts dl 2ms
	---------------------------------------------------------------------
	|                  |            modules            ||   artifacts   |
	|       conf       | number| search|dwnlded|evicted|| number|dwnlded|
	---------------------------------------------------------------------
	|      default     |   2   |   2   |   2   |   0   ||   2   |   2   |
	---------------------------------------------------------------------
     [null] :: loading settings :: url = file:/Users/aminechagou/Documents/workspace/GoBot/ivy/test/repositories/m2/ivysettings.xml
     [null] DEPRECATED: 'defaultCache' is deprecated, use 'caches[@defaultCacheDir]' instead (file:/Users/aminechagou/Documents/workspace/GoBot/ivy/test/repositories/m2/ivysettings.xml)
     [null] :: installing org.apache#test-sources;1.0 ::
     [null] :: resolving dependencies ::
     [null] 	found org.apache#test-sources;1.0 in m2
     [null] :: downloading artifacts to cache ::
     [null] downloading file:/Users/aminechagou/Documents/workspace/GoBot/ivy/test/repositories/m2/org/apache/test-sources/1.0/test-sources-1.0-sources.jar ...
     [null] .. (0kB)
     [null] 	[SUCCESSFUL ] org.apache#test-sources;1.0!test-sources.jar(source) (1ms)
     [null] downloading file:/Users/aminechagou/Documents/workspace/GoBot/ivy/test/repositories/m2/org/apache/test-sources/1.0/test-sources-1.0.jar ...
     [null] .. (0kB)
     [null] 	[SUCCESSFUL ] org.apache#test-sources;1.0!test-sources.jar (2ms)
     [null] downloading file:/Users/aminechagou/Documents/workspace/GoBot/ivy/test/repositories/m2/org/apache/test-sources/1.0/test-sources-1.0-javadoc.jar ...
     [null] .. (0kB)
     [null] 	[SUCCESSFUL ] org.apache#test-sources;1.0!test-sources.jar(javadoc) (2ms)
     [null] :: installing in IVY-1324 ::
     [null] 	published test-sources to /Users/aminechagou/Documents/workspace/GoBot/ivy/build/test/install/org.apache/test-sources/test-sources-1.0-sources.jar
     [null] 	published test-sources to /Users/aminechagou/Documents/workspace/GoBot/ivy/build/test/install/org.apache/test-sources/test-sources-1.0.jar
     [null] 	published test-sources to /Users/aminechagou/Documents/workspace/GoBot/ivy/build/test/install/org.apache/test-sources/test-sources-1.0-javadoc.jar
     [null] 	published ivy to /Users/aminechagou/Documents/workspace/GoBot/ivy/build/test/install/org.apache/test-sources/ivy-1.0.xml
     [null] :: install resolution report ::
     [null] :: resolution report :: resolve 0ms :: artifacts dl 6ms
	---------------------------------------------------------------------
	|                  |            modules            ||   artifacts   |
	|       conf       | number| search|dwnlded|evicted|| number|dwnlded|
	---------------------------------------------------------------------
	|      default     |   1   |   1   |   1   |   0   ||   3   |   3   |
	---------------------------------------------------------------------
     [null] :: loading settings :: file = /Users/aminechagou/Documents/workspace/GoBot/ivy/test/repositories/ivysettings-dummydefaultresolver.xml
     [null] :: installing org8#mod8.1;1.1 ::
     [null] :: resolving dependencies ::
     [null] 	found org8#mod8.1;1.1 in 2-ivy
     [null] :: downloading artifacts to cache ::
     [null] :: installing in install ::
     [null] 	published ivy to /Users/aminechagou/Documents/workspace/GoBot/ivy/build/test/install/org8/mod8.1/ivy-1.1.xml
     [null] :: install resolution report ::
     [null] :: resolution report :: resolve 0ms :: artifacts dl 0ms
	---------------------------------------------------------------------
	|                  |            modules            ||   artifacts   |
	|       conf       | number| search|dwnlded|evicted|| number|dwnlded|
	---------------------------------------------------------------------
	|      default     |   1   |   1   |   1   |   0   ||   0   |   0   |
	---------------------------------------------------------------------
     [null] :: loading settings :: file = /Users/aminechagou/Documents/workspace/GoBot/ivy/test/repositories/ivysettings.xml
     [null] :: installing org.apache#test;1.0 ::
     [null] :: resolving dependencies ::
     [null] 	found org.apache#test;1.0 in m2
     [null] :: downloading artifacts to cache ::
     [null] downloading file:/Users/aminechagou/Documents/workspace/GoBot/ivy/test/repositories/m2/org/apache/test/1.0/test-1.0.jar ...
     [null] .. (0kB)
     [null] 	[SUCCESSFUL ] org.apache#test;1.0!test.jar (1ms)
     [null] :: installing in install ::
     [null] 	published test to /Users/aminechagou/Documents/workspace/GoBot/ivy/build/test/install/org.apache/test/test-1.0.jar
     [null] 	published ivy to /Users/aminechagou/Documents/workspace/GoBot/ivy/build/test/install/org.apache/test/ivy-1.0.xml
     [null] :: install resolution report ::
     [null] :: resolution report :: resolve 0ms :: artifacts dl 2ms
	---------------------------------------------------------------------
	|                  |            modules            ||   artifacts   |
	|       conf       | number| search|dwnlded|evicted|| number|dwnlded|
	---------------------------------------------------------------------
	|      default     |   1   |   1   |   1   |   0   ||   1   |   1   |
	---------------------------------------------------------------------
     [null] :: installing org.apache#test;1.0 ::
     [null] :: resolving dependencies ::
     [null] 	found org.apache#test;1.0 in test
     [null] :: downloading artifacts to cache ::
     [null] :: installing in install ::
     [null] 	published test to /Users/aminechagou/Documents/workspace/GoBot/ivy/build/test/install/org.apache/test/test-1.0.jar
     [null] 	published ivy to /Users/aminechagou/Documents/workspace/GoBot/ivy/build/test/install/org.apache/test/ivy-1.0.xml
     [null] 	published test to /Users/aminechagou/Documents/workspace/GoBot/ivy/build/test/install/org.apache/test/test-1.0.pom
     [null] :: install resolution report ::
     [null] :: resolution report :: resolve 0ms :: artifacts dl 0ms
	---------------------------------------------------------------------
	|                  |            modules            ||   artifacts   |
	|       conf       | number| search|dwnlded|evicted|| number|dwnlded|
	---------------------------------------------------------------------
	|      default     |   1   |   0   |   0   |   0   ||   1   |   0   |
	---------------------------------------------------------------------
     [null] :: loading settings :: file = /Users/aminechagou/Documents/workspace/GoBot/ivy/test/repositories/branches/ivysettings.xml
     [null] :: installing foo#foo1#branch1;2 ::
     [null] :: resolving dependencies ::
     [null] 	found foo#foo1#branch1;2 in default
     [null] :: downloading artifacts to cache ::
     [null] downloading /Users/aminechagou/Documents/workspace/GoBot/ivy/test/repositories/branches/foo/foo1/branch1/2/foo1.jar ...
     [null] .. (0kB)
     [null] 	[SUCCESSFUL ] foo#foo1#branch1;2!foo1.jar (12ms)
     [null] :: installing in install ::
     [null] 	published foo1 to /Users/aminechagou/Documents/workspace/GoBot/ivy/build/test/install/foo/foo1/branch1/foo1-2.jar
     [null] 	published ivy to /Users/aminechagou/Documents/workspace/GoBot/ivy/build/test/install/foo/foo1/branch1/ivy-2.xml
     [null] :: install resolution report ::
     [null] :: resolution report :: resolve 0ms :: artifacts dl 12ms
	---------------------------------------------------------------------
	|                  |            modules            ||   artifacts   |
	|       conf       | number| search|dwnlded|evicted|| number|dwnlded|
	---------------------------------------------------------------------
	|      default     |   1   |   1   |   1   |   0   ||   1   |   1   |
	---------------------------------------------------------------------
     [null] :: loading settings :: file = /Users/aminechagou/Documents/workspace/GoBot/ivy/test/repositories/ivysettings-dummydefaultresolver.xml
     [null] :: installing org1#mod1.4;1.0.1 ::
     [null] :: resolving dependencies ::
     [null] 	found org1#mod1.4;1.0.1 in 1
     [null] 	found org1#mod1.2;2.2 in 1
     [null] 	[2.2] org1#mod1.2;latest.integration
     [null] 	found org1#mod1.1;2.0 in 1
     [null] 	[2.0] org1#mod1.1;latest.integration
     [null] :: downloading artifacts to cache ::
     [null] downloading /Users/aminechagou/Documents/workspace/GoBot/ivy/test/repositories/1/org1/mod1.2/jars/mod1.2-2.2.jar ...
     [null] . (0kB)
     [null] 	[SUCCESSFUL ] org1#mod1.2;2.2!mod1.2.jar (1ms)
     [null] downloading /Users/aminechagou/Documents/workspace/GoBot/ivy/test/repositories/1/org1/mod1.1/jars/mod1.1-2.0.jar ...
     [null] .. (0kB)
     [null] 	[SUCCESSFUL ] org1#mod1.1;2.0!mod1.1.jar (0ms)
     [null] :: installing in install ::
     [null] 	published ivy to /Users/aminechagou/Documents/workspace/GoBot/ivy/build/test/install/org1/mod1.4/ivy-1.0.1.xml
     [null] 	published mod1.2 to /Users/aminechagou/Documents/workspace/GoBot/ivy/build/test/install/org1/mod1.2/mod1.2-2.2.jar
     [null] 	published ivy to /Users/aminechagou/Documents/workspace/GoBot/ivy/build/test/install/org1/mod1.2/ivy-2.2.xml
     [null] 	published mod1.1 to /Users/aminechagou/Documents/workspace/GoBot/ivy/build/test/install/org1/mod1.1/mod1.1-2.0.jar
     [null] 	published ivy to /Users/aminechagou/Documents/workspace/GoBot/ivy/build/test/install/org1/mod1.1/ivy-2.0.xml
     [null] :: install resolution report ::
     [null] :: resolution report :: resolve 0ms :: artifacts dl 8ms
     [null] 	:: evicted modules:
     [null] 	org1#mod1.2;2.1 by [org1#mod1.2;2.2] in [default]
	---------------------------------------------------------------------
	|                  |            modules            ||   artifacts   |
	|       conf       | number| search|dwnlded|evicted|| number|dwnlded|
	---------------------------------------------------------------------
	|      default     |   4   |   3   |   2   |   1   ||   2   |   2   |
	---------------------------------------------------------------------
     [null] :: loading settings :: file = /Users/aminechagou/Documents/workspace/GoBot/ivy/test/repositories/ivysettings-dummydefaultresolver.xml
     [null] :: installing org8#mod8.1;1.1 ::
     [null] :: resolving dependencies ::
     [null] 	found org8#mod8.1;1.1 in 2-ivy
     [null] :: downloading artifacts to cache ::
     [null] downloading /Users/aminechagou/Documents/workspace/GoBot/ivy/test/repositories/2/mod8.1/a-1.1.txt ...
     [null] .. (0kB)
     [null] 	[SUCCESSFUL ] org8#mod8.1;1.1!a.txt (1ms)
     [null] downloading /Users/aminechagou/Documents/workspace/GoBot/ivy/test/repositories/2/mod8.1/a-private-1.1.txt ...
     [null] .. (0kB)
     [null] 	[SUCCESSFUL ] org8#mod8.1;1.1!a-private.txt (1ms)
     [null] :: installing in install ::
     [null] 	published a to /Users/aminechagou/Documents/workspace/GoBot/ivy/build/test/install/org8/mod8.1/a-1.1.txt
     [null] 	published a-private to /Users/aminechagou/Documents/workspace/GoBot/ivy/build/test/install/org8/mod8.1/a-private-1.1.txt
     [null] 	published ivy to /Users/aminechagou/Documents/workspace/GoBot/ivy/build/test/install/org8/mod8.1/ivy-1.1.xml
     [null] :: install resolution report ::
     [null] :: resolution report :: resolve 0ms :: artifacts dl 2ms
	---------------------------------------------------------------------
	|                  |            modules            ||   artifacts   |
	|       conf       | number| search|dwnlded|evicted|| number|dwnlded|
	---------------------------------------------------------------------
	|      default     |   1   |   1   |   1   |   0   ||   2   |   2   |
	---------------------------------------------------------------------
     [null] :: loading settings :: file = /Users/aminechagou/Documents/workspace/GoBot/ivy/test/repositories/ivysettings-IVY843.xml
     [null] :: installing org1#mod1.4;1.0.1 ::
     [null] :: resolving dependencies ::
     [null] 	found org1#mod1.4;1.0.1 in 1
     [null] :: downloading artifacts to cache ::
     [null] :: installing in install ::
     [null] 	published ivy to /Users/aminechagou/Documents/workspace/GoBot/ivy/build/test/install/org1/mod1.4/ivy-1.0.1.xml
     [null] :: install resolution report ::
     [null] :: resolution report :: resolve 0ms :: artifacts dl 0ms
	---------------------------------------------------------------------
	|                  |            modules            ||   artifacts   |
	|       conf       | number| search|dwnlded|evicted|| number|dwnlded|
	---------------------------------------------------------------------
	|      default     |   1   |   1   |   0   |   0   ||   0   |   0   |
	---------------------------------------------------------------------
     [null] :: installing org1#mod1.4;1.0.1 ::
     [null] :: resolving dependencies ::
     [null] 	found org1#mod1.4;1.0.1 in install
     [null] :: downloading artifacts to cache ::
     [null] :: installing in install2 ::
     [null] 	published ivy to /Users/aminechagou/Documents/workspace/GoBot/ivy/build/test/install2/org1/mod1.4/ivy-1.0.1.xml
     [null] :: install resolution report ::
     [null] :: resolution report :: resolve 0ms :: artifacts dl 0ms
	---------------------------------------------------------------------
	|                  |            modules            ||   artifacts   |
	|       conf       | number| search|dwnlded|evicted|| number|dwnlded|
	---------------------------------------------------------------------
	|      default     |   1   |   1   |   0   |   0   ||   0   |   0   |
	---------------------------------------------------------------------
]]></system-out>
  <system-err><![CDATA[]]></system-err>
</testsuite>
