<?xml version="1.0" encoding="UTF-8" ?>
<testsuite errors="0" failures="0" hostname="iMac-de-Amine.local" name="org.apache.ivy.ant.IvyDependencyUpdateCheckerTest" skipped="0" tests="14" time="1.002" timestamp="2016-05-07T21:41:38">
  <properties>
[...]
</properties>
  <testcase classname="org.apache.ivy.ant.IvyDependencyUpdateCheckerTest" name="testFailure" time="0.391" />
  <testcase classname="org.apache.ivy.ant.IvyDependencyUpdateCheckerTest" name="testSimple" time="0.11" />
  <testcase classname="org.apache.ivy.ant.IvyDependencyUpdateCheckerTest" name="testFailureOnBadStatusInDependencyIvyFile" time="0.03" />
  <testcase classname="org.apache.ivy.ant.IvyDependencyUpdateCheckerTest" name="testResolveWithAbsoluteFile" time="0.031" />
  <testcase classname="org.apache.ivy.ant.IvyDependencyUpdateCheckerTest" name="testResolveWithRelativeFile" time="0.028" />
  <testcase classname="org.apache.ivy.ant.IvyDependencyUpdateCheckerTest" name="testSimpleExtends" time="0.099" />
  <testcase classname="org.apache.ivy.ant.IvyDependencyUpdateCheckerTest" name="testResolveWithoutIvyFile" time="0.032" />
  <testcase classname="org.apache.ivy.ant.IvyDependencyUpdateCheckerTest" name="testInlineForNonExistingModule" time="0.012" />
  <testcase classname="org.apache.ivy.ant.IvyDependencyUpdateCheckerTest" name="testFailureWithMissingConfigurations" time="0.009" />
  <testcase classname="org.apache.ivy.ant.IvyDependencyUpdateCheckerTest" name="testFailureOnBadDependencyIvyFile" time="0.035" />
  <testcase classname="org.apache.ivy.ant.IvyDependencyUpdateCheckerTest" name="testExcludedConf" time="0.029" />
  <testcase classname="org.apache.ivy.ant.IvyDependencyUpdateCheckerTest" name="testHaltOnFailure" time="0.015" />
  <testcase classname="org.apache.ivy.ant.IvyDependencyUpdateCheckerTest" name="testSimpleAndShowTransitiveDependencies" time="0.049" />
  <testcase classname="org.apache.ivy.ant.IvyDependencyUpdateCheckerTest" name="testInline" time="0.018" />
  <system-out><![CDATA[EMMA: collecting runtime coverage data ...
     [null] :: Apache Ivy non official version -  :: http://ant.apache.org/ivy/ ::
     [null] :: loading settings :: file = /Users/aminechagou/Documents/workspace/GoBot/ivy/test/repositories/ivysettings.xml
     [null] :: resolving dependencies :: apache#resolve-simple;1.0
     [null] 	confs: [default]
     [null] :: resolution report :: resolve 44ms :: artifacts dl 0ms
	---------------------------------------------------------------------
	|                  |            modules            ||   artifacts   |
	|       conf       | number| search|dwnlded|evicted|| number|dwnlded|
	---------------------------------------------------------------------
	|      default     |   1   |   0   |   0   |   0   ||   0   |   0   |
	---------------------------------------------------------------------
     [null] 
     [null] :: problems summary ::
     [null] :::: WARNINGS
     [null] 		module not found: unknwon#unknown;1.0
     [null] 	==== 1: tried
     [null] 	  /Users/aminechagou/Documents/workspace/GoBot/ivy/test/repositories/1/unknwon/unknown/ivys/ivy-1.0.xml
     [null] 	  -- artifact unknwon#unknown;1.0!unknown.jar:
     [null] 	  /Users/aminechagou/Documents/workspace/GoBot/ivy/test/repositories/1/unknwon/unknown/jars/unknown-1.0.jar
     [null] 	==== 2-ivy: tried
     [null] 	  /Users/aminechagou/Documents/workspace/GoBot/ivy/test/repositories/2/unknown/ivy-1.0.xml
     [null] 	==== 2-artifact: tried
     [null] 	  -- artifact unknwon#unknown;1.0!unknown.jar:
     [null] 	  /Users/aminechagou/Documents/workspace/GoBot/ivy/test/repositories/2/unknown/unknown-1.0.jar
     [null] 	  /Users/aminechagou/Documents/workspace/GoBot/ivy/test/repositories/2/unknown/unknown.jar
     [null] 	==== m2: tried
     [null] 	  file:/Users/aminechagou/Documents/workspace/GoBot/ivy/test/repositories/m2/unknwon/unknown/1.0/unknown-1.0.pom
     [null] 	  -- artifact unknwon#unknown;1.0!unknown.jar:
     [null] 	  file:/Users/aminechagou/Documents/workspace/GoBot/ivy/test/repositories/m2/unknwon/unknown/1.0/unknown-1.0.jar
     [null] 		::::::::::::::::::::::::::::::::::::::::::::::
     [null] 		::          UNRESOLVED DEPENDENCIES         ::
     [null] 		::::::::::::::::::::::::::::::::::::::::::::::
     [null] 		:: unknwon#unknown;1.0: not found
     [null] 		::::::::::::::::::::::::::::::::::::::::::::::
     [null] 
     [null] :: USE VERBOSE OR DEBUG MESSAGE LEVEL FOR MORE DETAILS
     [null] :: loading settings :: file = /Users/aminechagou/Documents/workspace/GoBot/ivy/test/repositories/ivysettings.xml
     [null] :: resolving dependencies :: apache#resolve-simple;1.0
     [null] 	confs: [default]
     [null] 	found org1#mod1.1;1.0 in 1
     [null] 	found org1#mod1.2;2.0 in 1
     [null] downloading /Users/aminechagou/Documents/workspace/GoBot/ivy/test/repositories/1/org1/mod1.1/jars/mod1.1-1.0.jar ...
     [null] .. (0kB)
     [null] 	[SUCCESSFUL ] org1#mod1.1;1.0!mod1.1.jar (1ms)
     [null] downloading /Users/aminechagou/Documents/workspace/GoBot/ivy/test/repositories/1/org1/mod1.2/jars/mod1.2-2.0.jar ...
     [null] . (0kB)
     [null] 	[SUCCESSFUL ] org1#mod1.2;2.0!mod1.2.jar (1ms)
     [null] :: resolution report :: resolve 39ms :: artifacts dl 4ms
	---------------------------------------------------------------------
	|                  |            modules            ||   artifacts   |
	|       conf       | number| search|dwnlded|evicted|| number|dwnlded|
	---------------------------------------------------------------------
	|      default     |   2   |   2   |   1   |   0   ||   2   |   2   |
	---------------------------------------------------------------------
     [null] :: resolving dependencies :: apache#resolve-simple;1.0
     [null] 	confs: [default]
     [null] 	found org1#mod1.1;2.0 in 1
     [null] 	[2.0] org1#mod1.1;latest.integration
     [null] 	found org1#mod1.2;2.1 in 1
     [null] :: resolution report :: resolve 27ms :: artifacts dl 0ms
	---------------------------------------------------------------------
	|                  |            modules            ||   artifacts   |
	|       conf       | number| search|dwnlded|evicted|| number|dwnlded|
	---------------------------------------------------------------------
	|      default     |   2   |   2   |   1   |   0   ||   0   |   0   |
	---------------------------------------------------------------------
     [null] Dependencies updates available :
     [null] 	org1#mod1.1	1.0 -> 2.0
     [null] :: loading settings :: file = /Users/aminechagou/Documents/workspace/GoBot/ivy/test/repositories/ivysettings.xml
     [null] :: resolving dependencies :: apache#resolve-failure3;1.0
     [null] 	confs: [default]
     [null] :: resolution report :: resolve 12ms :: artifacts dl 0ms
	---------------------------------------------------------------------
	|                  |            modules            ||   artifacts   |
	|       conf       | number| search|dwnlded|evicted|| number|dwnlded|
	---------------------------------------------------------------------
	|      default     |   1   |   0   |   0   |   0   ||   0   |   0   |
	---------------------------------------------------------------------
     [null] 
     [null] :: problems summary ::
     [null] :::: WARNINGS
     [null] 		::::::::::::::::::::::::::::::::::::::::::::::
     [null] 		::          UNRESOLVED DEPENDENCIES         ::
     [null] 		::::::::::::::::::::::::::::::::::::::::::::::
     [null] 		:: orgfailure#modfailure;1.1: java.text.ParseException: inconsistent module descriptor file found in '/Users/aminechagou/Documents/workspace/GoBot/ivy/test/repositories/1/orgfailure/modfailure/ivys/ivy-1.1.xml': bad status: 'badstatus'; 
     [null] 		::::::::::::::::::::::::::::::::::::::::::::::
     [null] :::: ERRORS
     [null] 		1: bad status found in /Users/aminechagou/Documents/workspace/GoBot/ivy/test/repositories/1/orgfailure/modfailure/ivys/ivy-1.1.xml: 'badstatus'
     [null] 
     [null] :: USE VERBOSE OR DEBUG MESSAGE LEVEL FOR MORE DETAILS
     [null] :: loading settings :: file = /Users/aminechagou/Documents/workspace/GoBot/ivy/test/repositories/ivysettings.xml
     [null] :: resolving dependencies :: apache#resolve-simple;1.0
     [null] 	confs: [default]
     [null] 	found org1#mod1.2;2.0 in 1
     [null] downloading /Users/aminechagou/Documents/workspace/GoBot/ivy/test/repositories/1/org1/mod1.2/jars/mod1.2-2.0.jar ...
     [null] . (0kB)
     [null] 	[SUCCESSFUL ] org1#mod1.2;2.0!mod1.2.jar (1ms)
     [null] :: resolution report :: resolve 5ms :: artifacts dl 2ms
	---------------------------------------------------------------------
	|                  |            modules            ||   artifacts   |
	|       conf       | number| search|dwnlded|evicted|| number|dwnlded|
	---------------------------------------------------------------------
	|      default     |   1   |   1   |   0   |   0   ||   1   |   1   |
	---------------------------------------------------------------------
     [null] :: resolving dependencies :: apache#resolve-simple;1.0
     [null] 	confs: [default]
     [null] 	found org1#mod1.2;2.2 in 1
     [null] 	[2.2] org1#mod1.2;latest.integration
     [null] :: resolution report :: resolve 7ms :: artifacts dl 0ms
	---------------------------------------------------------------------
	|                  |            modules            ||   artifacts   |
	|       conf       | number| search|dwnlded|evicted|| number|dwnlded|
	---------------------------------------------------------------------
	|      default     |   1   |   1   |   0   |   0   ||   0   |   0   |
	---------------------------------------------------------------------
     [null] Dependencies updates available :
     [null] 	org1#mod1.2	2.0 -> 2.2
     [null] :: loading settings :: file = /Users/aminechagou/Documents/workspace/GoBot/ivy/test/repositories/ivysettings.xml
     [null] :: resolving dependencies :: apache#resolve-simple;1.0
     [null] 	confs: [default]
     [null] 	found org1#mod1.2;2.0 in 1
     [null] downloading /Users/aminechagou/Documents/workspace/GoBot/ivy/test/repositories/1/org1/mod1.2/jars/mod1.2-2.0.jar ...
     [null] . (0kB)
     [null] 	[SUCCESSFUL ] org1#mod1.2;2.0!mod1.2.jar (1ms)
     [null] :: resolution report :: resolve 5ms :: artifacts dl 2ms
	---------------------------------------------------------------------
	|                  |            modules            ||   artifacts   |
	|       conf       | number| search|dwnlded|evicted|| number|dwnlded|
	---------------------------------------------------------------------
	|      default     |   1   |   1   |   0   |   0   ||   1   |   1   |
	---------------------------------------------------------------------
     [null] :: resolving dependencies :: apache#resolve-simple;1.0
     [null] 	confs: [default]
     [null] 	found org1#mod1.2;2.2 in 1
     [null] 	[2.2] org1#mod1.2;latest.integration
     [null] :: resolution report :: resolve 7ms :: artifacts dl 0ms
	---------------------------------------------------------------------
	|                  |            modules            ||   artifacts   |
	|       conf       | number| search|dwnlded|evicted|| number|dwnlded|
	---------------------------------------------------------------------
	|      default     |   1   |   1   |   0   |   0   ||   0   |   0   |
	---------------------------------------------------------------------
     [null] Dependencies updates available :
     [null] 	org1#mod1.2	2.0 -> 2.2
     [null] :: loading settings :: file = /Users/aminechagou/Documents/workspace/GoBot/ivy/test/repositories/ivysettings.xml
     [null] :: resolving dependencies :: apache#resolve-extends;1.0
     [null] 	confs: [default, compile, extra]
     [null] 	found org1#mod1.1;2.0 in 1
     [null] 	found org1#mod1.2;2.0 in 1
     [null] 	found org2#mod2.1;0.3 in 1
     [null] 	found org1#mod1.2;2.1 in 1
     [null] downloading /Users/aminechagou/Documents/workspace/GoBot/ivy/test/repositories/1/org1/mod1.1/jars/mod1.1-2.0.jar ...
     [null] .. (0kB)
     [null] 	[SUCCESSFUL ] org1#mod1.1;2.0!mod1.1.jar (1ms)
     [null] downloading /Users/aminechagou/Documents/workspace/GoBot/ivy/test/repositories/1/org2/mod2.1/jars/art21B-0.3.jar ...
     [null] .. (0kB)
     [null] 	[SUCCESSFUL ] org2#mod2.1;0.3!art21B.jar (1ms)
     [null] downloading /Users/aminechagou/Documents/workspace/GoBot/ivy/test/repositories/1/org2/mod2.1/jars/art21A-0.3.jar ...
     [null] .. (0kB)
     [null] 	[SUCCESSFUL ] org2#mod2.1;0.3!art21A.jar (1ms)
     [null] downloading /Users/aminechagou/Documents/workspace/GoBot/ivy/test/repositories/1/org1/mod1.2/jars/mod1.2-2.1.jar ...
     [null] .. (0kB)
     [null] 	[SUCCESSFUL ] org1#mod1.2;2.1!mod1.2.jar (1ms)
     [null] :: resolution report :: resolve 41ms :: artifacts dl 6ms
     [null] 	:: evicted modules:
     [null] 	org1#mod1.1;1.1 by [org1#mod1.1;2.0] in [default, compile]
     [null] 	org1#mod1.2;2.0 by [org1#mod1.2;2.1] in [default]
     [null] 	org1#mod1.1;1.0 by [org1#mod1.1;2.0] in [default]
	---------------------------------------------------------------------
	|                  |            modules            ||   artifacts   |
	|       conf       | number| search|dwnlded|evicted|| number|dwnlded|
	---------------------------------------------------------------------
	|      default     |   6   |   4   |   2   |   3   ||   4   |   4   |
	|      compile     |   2   |   1   |   1   |   1   ||   1   |   1   |
	|       extra      |   0   |   0   |   0   |   0   ||   0   |   0   |
	---------------------------------------------------------------------
     [null] :: resolving dependencies :: apache#resolve-extends;1.0
     [null] 	confs: [default, compile, extra]
     [null] 	found org1#mod1.1;2.0 in 1
     [null] 	[2.0] org1#mod1.1;latest.integration
     [null] 	found org1#mod1.2;2.2 in 1
     [null] 	[2.2] org1#mod1.2;latest.integration
     [null] 	found org2#mod2.1;0.7 in 1
     [null] 	[0.7] org2#mod2.1;latest.integration
     [null] :: resolution report :: resolve 25ms :: artifacts dl 0ms
	---------------------------------------------------------------------
	|                  |            modules            ||   artifacts   |
	|       conf       | number| search|dwnlded|evicted|| number|dwnlded|
	---------------------------------------------------------------------
	|      default     |   3   |   3   |   1   |   0   ||   0   |   0   |
	|      compile     |   1   |   1   |   0   |   0   ||   0   |   0   |
	|       extra      |   0   |   0   |   0   |   0   ||   0   |   0   |
	---------------------------------------------------------------------
     [null] 
     [null] :: problems summary ::
     [null] :::: WARNINGS
     [null] 		::::::::::::::::::::::::::::::::::::::::::::::
     [null] 		::          UNRESOLVED DEPENDENCIES         ::
     [null] 		::::::::::::::::::::::::::::::::::::::::::::::
     [null] 		:: org2#mod2.1;0.7: configuration not found in org2#mod2.1;0.7: 'default'. It was required from apache#resolve-extends;1.0 default
     [null] 		::::::::::::::::::::::::::::::::::::::::::::::
     [null] 
     [null] :: USE VERBOSE OR DEBUG MESSAGE LEVEL FOR MORE DETAILS
     [null] Dependencies updates available :
     [null] 	org1#mod1.1	1.1 -> 2.0
     [null] 	org1#mod1.1	1.0 -> 2.0
     [null] 	org1#mod1.2	2.0 -> 2.2
     [null] 	org1#mod1.2	2.1 -> 2.2
     [null] 	org2#mod2.1	0.3 -> 0.7
     [null] :: loading settings :: file = /Users/aminechagou/Documents/workspace/GoBot/ivy/test/repositories/ivysettings.xml
     [null] :: resolving dependencies :: apache#resolve-simple;1.0
     [null] 	confs: [default]
     [null] 	found org1#mod1.2;2.0 in 1
     [null] downloading /Users/aminechagou/Documents/workspace/GoBot/ivy/test/repositories/1/org1/mod1.2/jars/mod1.2-2.0.jar ...
     [null] . (0kB)
     [null] 	[SUCCESSFUL ] org1#mod1.2;2.0!mod1.2.jar (0ms)
     [null] :: resolution report :: resolve 12ms :: artifacts dl 2ms
	---------------------------------------------------------------------
	|                  |            modules            ||   artifacts   |
	|       conf       | number| search|dwnlded|evicted|| number|dwnlded|
	---------------------------------------------------------------------
	|      default     |   1   |   1   |   0   |   0   ||   1   |   1   |
	---------------------------------------------------------------------
     [null] :: resolving dependencies :: apache#resolve-simple;1.0
     [null] 	confs: [default]
     [null] 	found org1#mod1.2;2.2 in 1
     [null] 	[2.2] org1#mod1.2;latest.integration
     [null] :: resolution report :: resolve 6ms :: artifacts dl 0ms
	---------------------------------------------------------------------
	|                  |            modules            ||   artifacts   |
	|       conf       | number| search|dwnlded|evicted|| number|dwnlded|
	---------------------------------------------------------------------
	|      default     |   1   |   1   |   0   |   0   ||   0   |   0   |
	---------------------------------------------------------------------
     [null] Dependencies updates available :
     [null] 	org1#mod1.2	2.0 -> 2.2
     [null] :: loading settings :: file = /Users/aminechagou/Documents/workspace/GoBot/ivy/test/repositories/ivysettings.xml
     [null] 
     [null] :: problems summary ::
     [null] :::: WARNINGS
     [null] 		module not found: org1XXYZ#mod1.2;2.0
     [null] 	==== 1: tried
     [null] 	  /Users/aminechagou/Documents/workspace/GoBot/ivy/test/repositories/1/org1XXYZ/mod1.2/ivys/ivy-2.0.xml
     [null] 	  -- artifact org1XXYZ#mod1.2;2.0!mod1.2.jar:
     [null] 	  /Users/aminechagou/Documents/workspace/GoBot/ivy/test/repositories/1/org1XXYZ/mod1.2/jars/mod1.2-2.0.jar
     [null] 	==== 2-ivy: tried
     [null] 	  /Users/aminechagou/Documents/workspace/GoBot/ivy/test/repositories/2/mod1.2/ivy-2.0.xml
     [null] 	==== 2-artifact: tried
     [null] 	  -- artifact org1XXYZ#mod1.2;2.0!mod1.2.jar:
     [null] 	  /Users/aminechagou/Documents/workspace/GoBot/ivy/test/repositories/2/mod1.2/mod1.2-2.0.jar
     [null] 	  /Users/aminechagou/Documents/workspace/GoBot/ivy/test/repositories/2/mod1.2/mod1.2.jar
     [null] 	==== m2: tried
     [null] 	  file:/Users/aminechagou/Documents/workspace/GoBot/ivy/test/repositories/m2/org1XXYZ/mod1.2/2.0/mod1.2-2.0.pom
     [null] 	  -- artifact org1XXYZ#mod1.2;2.0!mod1.2.jar:
     [null] 	  file:/Users/aminechagou/Documents/workspace/GoBot/ivy/test/repositories/m2/org1XXYZ/mod1.2/2.0/mod1.2-2.0.jar
     [null] 		::::::::::::::::::::::::::::::::::::::::::::::
     [null] 		::          UNRESOLVED DEPENDENCIES         ::
     [null] 		::::::::::::::::::::::::::::::::::::::::::::::
     [null] 		:: org1XXYZ#mod1.2;2.0: not found
     [null] 		::::::::::::::::::::::::::::::::::::::::::::::
     [null] 
     [null] :: USE VERBOSE OR DEBUG MESSAGE LEVEL FOR MORE DETAILS
     [null] :: loading settings :: file = /Users/aminechagou/Documents/workspace/GoBot/ivy/test/repositories/ivysettings.xml
     [null] :: resolving dependencies :: apache#resolve-simple;1.0
     [null] 	confs: [default, unknown]
     [null] 
     [null] :: problems summary ::
     [null] :::: ERRORS
     [null] 	requested configuration not found in apache#resolve-simple;1.0: [ 'unknown' ]
     [null] 
     [null] :: USE VERBOSE OR DEBUG MESSAGE LEVEL FOR MORE DETAILS
     [null] :: loading settings :: file = /Users/aminechagou/Documents/workspace/GoBot/ivy/test/repositories/ivysettings.xml
     [null] :: resolving dependencies :: apache#resolve-failure2;1.0
     [null] 	confs: [default]
     [null] :: resolution report :: resolve 25ms :: artifacts dl 0ms
	---------------------------------------------------------------------
	|                  |            modules            ||   artifacts   |
	|       conf       | number| search|dwnlded|evicted|| number|dwnlded|
	---------------------------------------------------------------------
	|      default     |   1   |   0   |   0   |   0   ||   0   |   0   |
	---------------------------------------------------------------------
     [null] 
     [null] :: problems summary ::
     [null] :::: WARNINGS
     [null] 		::::::::::::::::::::::::::::::::::::::::::::::
     [null] 		::          UNRESOLVED DEPENDENCIES         ::
     [null] 		::::::::::::::::::::::::::::::::::::::::::::::
     [null] 		:: orgfailure#modfailure;1.0: java.text.ParseException: [xml parsing: ivy-1.0.xml.original:25:11: cvc-complex-type.2.4.a: Invalid content was found starting with element 'badtag'. One of '{"":configurations, "":publications, "":dependencies, "":conflicts}' is expected. in file:/Users/aminechagou/Documents/workspace/GoBot/ivy/build/cache/orgfailure/modfailure/ivy-1.0.xml.original
     [null] , unknown tag badtag in file:/Users/aminechagou/Documents/workspace/GoBot/ivy/build/cache/orgfailure/modfailure/ivy-1.0.xml.original
     [null] ]
     [null] 		::::::::::::::::::::::::::::::::::::::::::::::
     [null] 
     [null] :: USE VERBOSE OR DEBUG MESSAGE LEVEL FOR MORE DETAILS
     [null] :: loading settings :: file = /Users/aminechagou/Documents/workspace/GoBot/ivy/test/repositories/ivysettings.xml
     [null] :: resolving dependencies :: apache#resolve-simple;1.0
     [null] 	confs: [compile]
     [null] 	found org1#mod1.1;2.0 in 1
     [null] downloading /Users/aminechagou/Documents/workspace/GoBot/ivy/test/repositories/1/org1/mod1.1/jars/mod1.1-2.0.jar ...
     [null] .. (0kB)
     [null] 	[SUCCESSFUL ] org1#mod1.1;2.0!mod1.1.jar (1ms)
     [null] :: resolution report :: resolve 10ms :: artifacts dl 2ms
	---------------------------------------------------------------------
	|                  |            modules            ||   artifacts   |
	|       conf       | number| search|dwnlded|evicted|| number|dwnlded|
	---------------------------------------------------------------------
	|      compile     |   1   |   1   |   1   |   0   ||   1   |   1   |
	---------------------------------------------------------------------
     [null] :: resolving dependencies :: apache#resolve-simple;1.0
     [null] 	confs: [compile]
     [null] 	found org1#mod1.1;2.0 in 1
     [null] 	[2.0] org1#mod1.1;latest.integration
     [null] :: resolution report :: resolve 6ms :: artifacts dl 0ms
	---------------------------------------------------------------------
	|                  |            modules            ||   artifacts   |
	|       conf       | number| search|dwnlded|evicted|| number|dwnlded|
	---------------------------------------------------------------------
	|      compile     |   1   |   1   |   0   |   0   ||   0   |   0   |
	---------------------------------------------------------------------
     [null] Dependencies updates available :
     [null] 	All dependencies are up to date
     [null] :: loading settings :: file = /Users/aminechagou/Documents/workspace/GoBot/ivy/test/repositories/ivysettings.xml
     [null] :: resolving dependencies :: apache#resolve-simple;1.0
     [null] 	confs: [default]
     [null] :: resolution report :: resolve 3ms :: artifacts dl 0ms
	---------------------------------------------------------------------
	|                  |            modules            ||   artifacts   |
	|       conf       | number| search|dwnlded|evicted|| number|dwnlded|
	---------------------------------------------------------------------
	|      default     |   1   |   0   |   0   |   0   ||   0   |   0   |
	---------------------------------------------------------------------
     [null] 
     [null] :: problems summary ::
     [null] :::: WARNINGS
     [null] 		module not found: unknwon#unknown;1.0
     [null] 	==== 1: tried
     [null] 	  /Users/aminechagou/Documents/workspace/GoBot/ivy/test/repositories/1/unknwon/unknown/ivys/ivy-1.0.xml
     [null] 	  -- artifact unknwon#unknown;1.0!unknown.jar:
     [null] 	  /Users/aminechagou/Documents/workspace/GoBot/ivy/test/repositories/1/unknwon/unknown/jars/unknown-1.0.jar
     [null] 	==== 2-ivy: tried
     [null] 	  /Users/aminechagou/Documents/workspace/GoBot/ivy/test/repositories/2/unknown/ivy-1.0.xml
     [null] 	==== 2-artifact: tried
     [null] 	  -- artifact unknwon#unknown;1.0!unknown.jar:
     [null] 	  /Users/aminechagou/Documents/workspace/GoBot/ivy/test/repositories/2/unknown/unknown-1.0.jar
     [null] 	  /Users/aminechagou/Documents/workspace/GoBot/ivy/test/repositories/2/unknown/unknown.jar
     [null] 	==== m2: tried
     [null] 	  file:/Users/aminechagou/Documents/workspace/GoBot/ivy/test/repositories/m2/unknwon/unknown/1.0/unknown-1.0.pom
     [null] 	  -- artifact unknwon#unknown;1.0!unknown.jar:
     [null] 	  file:/Users/aminechagou/Documents/workspace/GoBot/ivy/test/repositories/m2/unknwon/unknown/1.0/unknown-1.0.jar
     [null] 		::::::::::::::::::::::::::::::::::::::::::::::
     [null] 		::          UNRESOLVED DEPENDENCIES         ::
     [null] 		::::::::::::::::::::::::::::::::::::::::::::::
     [null] 		:: unknwon#unknown;1.0: not found
     [null] 		::::::::::::::::::::::::::::::::::::::::::::::
     [null] 
     [null] :: USE VERBOSE OR DEBUG MESSAGE LEVEL FOR MORE DETAILS
     [null] :: resolving dependencies :: apache#resolve-simple;1.0
     [null] 	confs: [default]
     [null] :: resolution report :: resolve 2ms :: artifacts dl 0ms
	---------------------------------------------------------------------
	|                  |            modules            ||   artifacts   |
	|       conf       | number| search|dwnlded|evicted|| number|dwnlded|
	---------------------------------------------------------------------
	|      default     |   1   |   0   |   0   |   0   ||   0   |   0   |
	---------------------------------------------------------------------
     [null] 
     [null] :: problems summary ::
     [null] :::: WARNINGS
     [null] 		module not found: unknwon#unknown;latest.integration
     [null] 	==== 1: tried
     [null] 	  /Users/aminechagou/Documents/workspace/GoBot/ivy/test/repositories/1/unknwon/unknown/ivys/ivy-[revision].xml
     [null] 	  -- artifact unknwon#unknown;latest.integration!unknown.jar:
     [null] 	  /Users/aminechagou/Documents/workspace/GoBot/ivy/test/repositories/1/unknwon/unknown/jars/unknown-[revision].jar
     [null] 	==== 2-ivy: tried
     [null] 	  /Users/aminechagou/Documents/workspace/GoBot/ivy/test/repositories/2/unknown/ivy-[revision].xml
     [null] 	==== 2-artifact: tried
     [null] 	  -- artifact unknwon#unknown;latest.integration!unknown.jar:
     [null] 	  /Users/aminechagou/Documents/workspace/GoBot/ivy/test/repositories/2/unknown/unknown-[revision].jar
     [null] 	  /Users/aminechagou/Documents/workspace/GoBot/ivy/test/repositories/2/unknown/unknown.jar
     [null] 	==== m2: tried
     [null] 	  file:/Users/aminechagou/Documents/workspace/GoBot/ivy/test/repositories/m2/unknwon/unknown/[revision]/unknown-[revision].pom
     [null] 	  -- artifact unknwon#unknown;latest.integration!unknown.jar:
     [null] 	  file:/Users/aminechagou/Documents/workspace/GoBot/ivy/test/repositories/m2/unknwon/unknown/[revision]/unknown-[revision].jar
     [null] 		::::::::::::::::::::::::::::::::::::::::::::::
     [null] 		::          UNRESOLVED DEPENDENCIES         ::
     [null] 		::::::::::::::::::::::::::::::::::::::::::::::
     [null] 		:: unknwon#unknown;latest.integration: not found
     [null] 		::::::::::::::::::::::::::::::::::::::::::::::
     [null] 
     [null] :: USE VERBOSE OR DEBUG MESSAGE LEVEL FOR MORE DETAILS
     [null] Dependencies updates available :
     [null] 	unknwon#unknown	1.0 -> latest.integration
     [null] :: loading settings :: file = /Users/aminechagou/Documents/workspace/GoBot/ivy/test/repositories/ivysettings.xml
     [null] :: resolving dependencies :: apache#resolve-simple;1.0
     [null] 	confs: [default]
     [null] 	found org1#mod1.1;1.0 in 1
     [null] 	found org1#mod1.2;2.0 in 1
     [null] downloading /Users/aminechagou/Documents/workspace/GoBot/ivy/test/repositories/1/org1/mod1.1/jars/mod1.1-1.0.jar ...
     [null] .. (0kB)
     [null] 	[SUCCESSFUL ] org1#mod1.1;1.0!mod1.1.jar (1ms)
     [null] downloading /Users/aminechagou/Documents/workspace/GoBot/ivy/test/repositories/1/org1/mod1.2/jars/mod1.2-2.0.jar ...
     [null] . (0kB)
     [null] 	[SUCCESSFUL ] org1#mod1.2;2.0!mod1.2.jar (0ms)
     [null] :: resolution report :: resolve 12ms :: artifacts dl 3ms
	---------------------------------------------------------------------
	|                  |            modules            ||   artifacts   |
	|       conf       | number| search|dwnlded|evicted|| number|dwnlded|
	---------------------------------------------------------------------
	|      default     |   2   |   2   |   1   |   0   ||   2   |   2   |
	---------------------------------------------------------------------
     [null] :: resolving dependencies :: apache#resolve-simple;1.0
     [null] 	confs: [default]
     [null] 	found org1#mod1.1;2.0 in 1
     [null] 	[2.0] org1#mod1.1;latest.integration
     [null] 	found org1#mod1.2;2.1 in 1
     [null] :: resolution report :: resolve 15ms :: artifacts dl 0ms
	---------------------------------------------------------------------
	|                  |            modules            ||   artifacts   |
	|       conf       | number| search|dwnlded|evicted|| number|dwnlded|
	---------------------------------------------------------------------
	|      default     |   2   |   2   |   1   |   0   ||   0   |   0   |
	---------------------------------------------------------------------
     [null] Dependencies updates available :
     [null] 	org1#mod1.1	1.0 -> 2.0
     [null] 	org1#mod1.2 (transitive)	2.0 -> 2.1
     [null] :: loading settings :: file = /Users/aminechagou/Documents/workspace/GoBot/ivy/test/repositories/ivysettings.xml
     [null] :: resolving dependencies :: org1#mod1.2-caller;working
     [null] 	confs: [default]
     [null] 	found org1#mod1.2;2.0 in 1
     [null] downloading /Users/aminechagou/Documents/workspace/GoBot/ivy/test/repositories/1/org1/mod1.2/jars/mod1.2-2.0.jar ...
     [null] . (0kB)
     [null] 	[SUCCESSFUL ] org1#mod1.2;2.0!mod1.2.jar (1ms)
     [null] :: resolution report :: resolve 2ms :: artifacts dl 1ms
	---------------------------------------------------------------------
	|                  |            modules            ||   artifacts   |
	|       conf       | number| search|dwnlded|evicted|| number|dwnlded|
	---------------------------------------------------------------------
	|      default     |   1   |   0   |   0   |   0   ||   1   |   1   |
	---------------------------------------------------------------------
     [null] :: resolving dependencies :: org1#mod1.2-caller;working
     [null] 	confs: [default]
     [null] 	found org1#mod1.2;2.2 in 1
     [null] 	[2.2] org1#mod1.2;latest.integration
     [null] :: resolution report :: resolve 5ms :: artifacts dl 0ms
	---------------------------------------------------------------------
	|                  |            modules            ||   artifacts   |
	|       conf       | number| search|dwnlded|evicted|| number|dwnlded|
	---------------------------------------------------------------------
	|      default     |   1   |   1   |   0   |   0   ||   0   |   0   |
	---------------------------------------------------------------------
     [null] Dependencies updates available :
     [null] 	org1#mod1.2	2.0 -> 2.2
]]></system-out>
  <system-err><![CDATA[]]></system-err>
</testsuite>
